[INFO] Console - predicting pockets for proteins from dataset [CDR1_CANAR_relaxed.pdb]
[INFO] PredictPocketsRoutine - outdir: ../dataset/proteins/prankweb/CDR1_CANAR
[INFO] Model - Loading model from directory (v3 format): /home/zhenli/git/p2rank_2.5/models/default
[INFO] FeatureSetup - enabledFeatures: [chem, volsite, protrusion, bfactor, atom_table]
[INFO] Dataset - processing dataset [CDR1_CANAR_relaxed.pdb] using 0 threads
[INFO] Dataset - 
------------------------------------------------------------------------------------------------------------------------
processing [CDR1_CANAR_relaxed.pdb] (1/1)
------------------------------------------------------------------------------------------------------------------------

[INFO] Console - processing [CDR1_CANAR_relaxed.pdb] (1/1)
[INFO] Protein - loading protein [/home/zhenli/git/valleyfevermutation/mutation_pipeline/dataset/proteins/pdb/CDR1_CANAR_relaxed.pdb]
[INFO] PdbUtils - loading file [../dataset/proteins/pdb/CDR1_CANAR_relaxed.pdb]
[INFO] Struct - all groups in chain A: 1508
[INFO] Struct - all groups in chain A: 1508
[INFO] Struct - 1508 groups in chain A
[INFO] Protein - structure atoms: 23638
[INFO] Protein - protein   atoms: 11746
[INFO] Protein - ignoring ligands
[INFO] FeatureSetup - enabledFeatures: [chem, volsite, protrusion, bfactor, atom_table]
[INFO] Protein - SAS points: 21485
[INFO] Protein - exposed protein atoms: 7465 of 11746
[INFO] SLinkClusterer - clustering [460] elements
[INFO] SLinkClusterer - clusters: [id:11( 1 ), id:16( 2 ), id:18( 6 ), id:43( 1 ), id:44( 1 ), id:78( 9 ), id:84( 3 ), id:85( 1 ), id:89( 1 ), id:93( 2 ), id:101( 1 ), id:102( 1 ), id:111( 88 ), id:128( 1 ), id:150( 11 ), id:172( 38 ), id:176( 1 ), id:179( 3 ), id:183( 10 ), id:198( 1 ), id:219( 1 ), id:226( 1 ), id:236( 9 ), id:251( 3 ), id:252( 6 ), id:257( 11 ), id:272( 32 ), id:275( 2 ), id:277( 2 ), id:279( 3 ), id:282( 4 ), id:286( 2 ), id:294( 4 ), id:295( 1 ), id:307( 2 ), id:311( 1 ), id:314( 3 ), id:320( 22 ), id:324( 1 ), id:327( 3 ), id:350( 1 ), id:351( 2 ), id:352( 6 ), id:358( 5 ), id:362( 8 ), id:364( 5 ), id:365( 1 ), id:366( 1 ), id:367( 1 ), id:372( 2 ), id:373( 3 ), id:382( 25 ), id:389( 12 ), id:393( 2 ), id:397( 9 ), id:398( 1 ), id:399( 1 ), id:400( 2 ), id:401( 6 ), id:413( 2 ), id:414( 1 ), id:416( 5 ), id:418( 2 ), id:427( 26 ), id:440( 4 ), id:441( 1 ), id:443( 16 ), id:447( 1 ), id:449( 2 ), id:456( 2 ), id:457( 1 ), id:459( 9 )]
[INFO] SLinkClusterer - clusters together: 460 / 460
[INFO] PocketPredictor - PREDICTING POCKETS.... ====================================
[INFO] PocketPredictor - SAS POINTS: 21485
[INFO] PocketPredictor - LIGANDABLE POINTS: 460
[INFO] PocketPredictor - CLUSTERS: 72
[INFO] PocketPredictor - FILTERED CLUSTERS: 33
[INFO] PocketPredictor - pocket 1 -  surf_atoms:  84   points:  88   score:   37.8
[INFO] PocketPredictor - pocket 2 -  surf_atoms:  44   points:  38   score:   13.5
[INFO] PocketPredictor - pocket 3 -  surf_atoms:  67   points:  32   score:   11.3
[INFO] PocketPredictor - pocket 4 -  surf_atoms:  43   points:  26   score:    9.6
[INFO] PocketPredictor - pocket 5 -  surf_atoms:  33   points:  25   score:    7.5
[INFO] PocketPredictor - pocket 6 -  surf_atoms:  44   points:  22   score:    6.5
[INFO] PocketPredictor - pocket 7 -  surf_atoms:  24   points:  16   score:    6.1
[INFO] PocketPredictor - pocket 8 -  surf_atoms:  25   points:   9   score:    4.8
[INFO] PocketPredictor - pocket 9 -  surf_atoms:  28   points:  12   score:    4.0
[INFO] PocketPredictor - pocket10 -  surf_atoms:  24   points:  11   score:    3.8
[INFO] PocketPredictor - pocket11 -  surf_atoms:  35   points:  11   score:    3.6
[INFO] PocketPredictor - pocket12 -  surf_atoms:  24   points:   9   score:    3.3
[INFO] PocketPredictor - pocket13 -  surf_atoms:  18   points:   9   score:    3.2
[INFO] PocketPredictor - pocket14 -  surf_atoms:  26   points:   8   score:    3.0
[INFO] PocketPredictor - pocket15 -  surf_atoms:  25   points:  10   score:    2.6
[INFO] PocketPredictor - pocket16 -  surf_atoms:  12   points:   9   score:    2.5
[INFO] PocketPredictor - pocket17 -  surf_atoms:  23   points:   5   score:    2.5
[INFO] PocketPredictor - pocket18 -  surf_atoms:  15   points:   4   score:    2.2
[INFO] PocketPredictor - pocket19 -  surf_atoms:  22   points:   6   score:    2.2
[INFO] PocketPredictor - pocket20 -  surf_atoms:  27   points:   6   score:    2.2
[INFO] PocketPredictor - pocket21 -  surf_atoms:   3   points:   4   score:    2.0
[INFO] PocketPredictor - pocket22 -  surf_atoms:  21   points:   6   score:    2.0
[INFO] PocketPredictor - pocket23 -  surf_atoms:  20   points:   5   score:    1.9
[INFO] PocketPredictor - pocket24 -  surf_atoms:  12   points:   3   score:    1.8
[INFO] PocketPredictor - pocket25 -  surf_atoms:  20   points:   5   score:    1.6
[INFO] PocketPredictor - pocket26 -  surf_atoms:  18   points:   3   score:    1.6
[INFO] PocketPredictor - pocket27 -  surf_atoms:   9   points:   3   score:    1.5
[INFO] PocketPredictor - pocket28 -  surf_atoms:  21   points:   6   score:    1.5
[INFO] PocketPredictor - pocket29 -  surf_atoms:  18   points:   3   score:    1.3
[INFO] PocketPredictor - pocket30 -  surf_atoms:   9   points:   4   score:    1.3
[INFO] PocketPredictor - pocket31 -  surf_atoms:  14   points:   3   score:    1.2
[INFO] PocketPredictor - pocket32 -  surf_atoms:   7   points:   3   score:    0.8
[INFO] PocketPredictor - pocket33 -  surf_atoms:   6   points:   3   score:    0.5
[INFO] PredictionVisualizer - copying [/home/zhenli/git/valleyfevermutation/mutation_pipeline/dataset/proteins/pdb/CDR1_CANAR_relaxed.pdb] to [../dataset/proteins/prankweb/CDR1_CANAR/visualizations/data/CDR1_CANAR_relaxed.pdb]
[INFO] Console - predicting pockets finished in 0 hours 0 minutes 1.696 seconds
[INFO] Console - results saved to directory [/home/zhenli/git/valleyfevermutation/mutation_pipeline/dataset/proteins/prankweb/CDR1_CANAR]
[INFO] Console - 
[INFO] Console - Finished successfully in 0 hours 0 minutes 2.082 seconds.
