[INFO] Console - predicting pockets for proteins from dataset [MDR1_TRIRC_relaxed.pdb]
[INFO] PredictPocketsRoutine - outdir: ../dataset/proteins/prankweb/MDR1_TRIRC
[INFO] Model - Loading model from directory (v3 format): /home/zhenli/git/p2rank_2.5/models/default
[INFO] FeatureSetup - enabledFeatures: [chem, volsite, protrusion, bfactor, atom_table]
[INFO] Dataset - processing dataset [MDR1_TRIRC_relaxed.pdb] using 0 threads
[INFO] Dataset - 
------------------------------------------------------------------------------------------------------------------------
processing [MDR1_TRIRC_relaxed.pdb] (1/1)
------------------------------------------------------------------------------------------------------------------------

[INFO] Console - processing [MDR1_TRIRC_relaxed.pdb] (1/1)
[INFO] Protein - loading protein [/home/zhenli/git/valleyfevermutation/mutation_pipeline/dataset/proteins/pdb/MDR1_TRIRC_relaxed.pdb]
[INFO] PdbUtils - loading file [../dataset/proteins/pdb/MDR1_TRIRC_relaxed.pdb]
[INFO] Struct - all groups in chain A: 1566
[INFO] Struct - all groups in chain A: 1566
[INFO] Struct - 1566 groups in chain A
[INFO] Protein - structure atoms: 24562
[INFO] Protein - protein   atoms: 12086
[INFO] Protein - ignoring ligands
[INFO] FeatureSetup - enabledFeatures: [chem, volsite, protrusion, bfactor, atom_table]
[INFO] Protein - SAS points: 24305
[INFO] Protein - exposed protein atoms: 8127 of 12086
[INFO] SLinkClusterer - clustering [503] elements
[INFO] SLinkClusterer - clusters: [id:0( 1 ), id:25( 41 ), id:62( 9 ), id:64( 1 ), id:65( 1 ), id:66( 1 ), id:81( 20 ), id:83( 1 ), id:84( 1 ), id:92( 18 ), id:100( 4 ), id:115( 86 ), id:171( 1 ), id:176( 1 ), id:178( 2 ), id:179( 3 ), id:187( 3 ), id:190( 3 ), id:198( 26 ), id:199( 1 ), id:203( 1 ), id:262( 2 ), id:266( 1 ), id:279( 1 ), id:281( 1 ), id:283( 4 ), id:284( 1 ), id:285( 2 ), id:317( 1 ), id:319( 17 ), id:320( 1 ), id:324( 5 ), id:325( 1 ), id:343( 49 ), id:344( 1 ), id:348( 4 ), id:349( 1 ), id:355( 7 ), id:369( 5 ), id:371( 2 ), id:374( 1 ), id:376( 2 ), id:377( 1 ), id:378( 1 ), id:379( 1 ), id:381( 3 ), id:387( 2 ), id:390( 5 ), id:392( 9 ), id:394( 1 ), id:396( 5 ), id:401( 6 ), id:403( 2 ), id:406( 1 ), id:409( 1 ), id:411( 3 ), id:412( 2 ), id:413( 1 ), id:426( 2 ), id:441( 77 ), id:442( 3 ), id:443( 2 ), id:446( 5 ), id:448( 1 ), id:451( 1 ), id:452( 4 ), id:461( 2 ), id:477( 11 ), id:484( 2 ), id:485( 1 ), id:487( 2 ), id:489( 3 ), id:496( 5 ), id:502( 4 )]
[INFO] SLinkClusterer - clusters together: 503 / 503
[INFO] PocketPredictor - PREDICTING POCKETS.... ====================================
[INFO] PocketPredictor - SAS POINTS: 24305
[INFO] PocketPredictor - LIGANDABLE POINTS: 503
[INFO] PocketPredictor - CLUSTERS: 74
[INFO] PocketPredictor - FILTERED CLUSTERS: 31
[INFO] PocketPredictor - pocket 1 -  surf_atoms:  72   points:  86   score:   43.9
[INFO] PocketPredictor - pocket 2 -  surf_atoms:  61   points:  77   score:   36.2
[INFO] PocketPredictor - pocket 3 -  surf_atoms:  48   points:  41   score:   19.8
[INFO] PocketPredictor - pocket 4 -  surf_atoms:  52   points:  49   score:   19.1
[INFO] PocketPredictor - pocket 5 -  surf_atoms:  50   points:  26   score:    7.7
[INFO] PocketPredictor - pocket 6 -  surf_atoms:  37   points:  20   score:    7.5
[INFO] PocketPredictor - pocket 7 -  surf_atoms:  23   points:  17   score:    6.3
[INFO] PocketPredictor - pocket 8 -  surf_atoms:  33   points:  18   score:    6.1
[INFO] PocketPredictor - pocket 9 -  surf_atoms:  24   points:  11   score:    4.7
[INFO] PocketPredictor - pocket10 -  surf_atoms:  21   points:   9   score:    4.2
[INFO] PocketPredictor - pocket11 -  surf_atoms:  32   points:   9   score:    3.7
[INFO] PocketPredictor - pocket12 -  surf_atoms:  24   points:   4   score:    3.0
[INFO] PocketPredictor - pocket13 -  surf_atoms:  31   points:   7   score:    2.7
[INFO] PocketPredictor - pocket14 -  surf_atoms:  16   points:   5   score:    2.4
[INFO] PocketPredictor - pocket15 -  surf_atoms:  21   points:   6   score:    1.8
[INFO] PocketPredictor - pocket16 -  surf_atoms:  15   points:   4   score:    1.8
[INFO] PocketPredictor - pocket17 -  surf_atoms:  21   points:   5   score:    1.8
[INFO] PocketPredictor - pocket18 -  surf_atoms:  12   points:   5   score:    1.7
[INFO] PocketPredictor - pocket19 -  surf_atoms:  20   points:   3   score:    1.7
[INFO] PocketPredictor - pocket20 -  surf_atoms:  11   points:   4   score:    1.7
[INFO] PocketPredictor - pocket21 -  surf_atoms:  18   points:   4   score:    1.7
[INFO] PocketPredictor - pocket22 -  surf_atoms:  13   points:   5   score:    1.6
[INFO] PocketPredictor - pocket23 -  surf_atoms:   9   points:   3   score:    1.5
[INFO] PocketPredictor - pocket24 -  surf_atoms:  17   points:   3   score:    1.5
[INFO] PocketPredictor - pocket25 -  surf_atoms:  21   points:   3   score:    1.5
[INFO] PocketPredictor - pocket26 -  surf_atoms:   8   points:   4   score:    1.5
[INFO] PocketPredictor - pocket27 -  surf_atoms:  16   points:   5   score:    1.4
[INFO] PocketPredictor - pocket28 -  surf_atoms:  12   points:   3   score:    1.4
[INFO] PocketPredictor - pocket29 -  surf_atoms:  13   points:   3   score:    1.3
[INFO] PocketPredictor - pocket30 -  surf_atoms:  13   points:   3   score:    1.3
[INFO] PocketPredictor - pocket31 -  surf_atoms:  17   points:   5   score:    1.2
[INFO] PredictionVisualizer - copying [/home/zhenli/git/valleyfevermutation/mutation_pipeline/dataset/proteins/pdb/MDR1_TRIRC_relaxed.pdb] to [../dataset/proteins/prankweb/MDR1_TRIRC/visualizations/data/MDR1_TRIRC_relaxed.pdb]
[INFO] Console - predicting pockets finished in 0 hours 0 minutes 10.698 seconds
[INFO] Console - results saved to directory [/home/zhenli/git/valleyfevermutation/mutation_pipeline/dataset/proteins/prankweb/MDR1_TRIRC]
[INFO] Console - 
[INFO] Console - Finished successfully in 0 hours 0 minutes 11.127 seconds.
