[INFO] Console - predicting pockets for proteins from dataset [PDH1_CANGA_relaxed.pdb]
[INFO] PredictPocketsRoutine - outdir: ../dataset/proteins/prankweb/PDH1_CANGA
[INFO] Model - Loading model from directory (v3 format): /home/zhenli/git/p2rank_2.5/models/default
[INFO] FeatureSetup - enabledFeatures: [chem, volsite, protrusion, bfactor, atom_table]
[INFO] Dataset - processing dataset [PDH1_CANGA_relaxed.pdb] using 0 threads
[INFO] Dataset - 
------------------------------------------------------------------------------------------------------------------------
processing [PDH1_CANGA_relaxed.pdb] (1/1)
------------------------------------------------------------------------------------------------------------------------

[INFO] Console - processing [PDH1_CANGA_relaxed.pdb] (1/1)
[INFO] Protein - loading protein [/home/zhenli/git/valleyfevermutation/mutation_pipeline/dataset/proteins/pdb/PDH1_CANGA_relaxed.pdb]
[INFO] PdbUtils - loading file [../dataset/proteins/pdb/PDH1_CANGA_relaxed.pdb]
[INFO] Struct - all groups in chain A: 1542
[INFO] Struct - all groups in chain A: 1542
[INFO] Struct - 1542 groups in chain A
[INFO] Protein - structure atoms: 24461
[INFO] Protein - protein   atoms: 12089
[INFO] Protein - ignoring ligands
[INFO] FeatureSetup - enabledFeatures: [chem, volsite, protrusion, bfactor, atom_table]
[INFO] Protein - SAS points: 22662
[INFO] Protein - exposed protein atoms: 7708 of 12089
[INFO] SLinkClusterer - clustering [426] elements
[INFO] SLinkClusterer - clusters: [id:0( 1 ), id:2( 1 ), id:3( 1 ), id:5( 2 ), id:9( 2 ), id:35( 1 ), id:61( 32 ), id:67( 1 ), id:74( 2 ), id:82( 11 ), id:84( 1 ), id:85( 1 ), id:92( 66 ), id:99( 1 ), id:116( 1 ), id:118( 5 ), id:133( 1 ), id:135( 2 ), id:139( 1 ), id:140( 1 ), id:145( 7 ), id:152( 1 ), id:154( 1 ), id:161( 19 ), id:162( 1 ), id:169( 1 ), id:184( 29 ), id:199( 1 ), id:211( 4 ), id:229( 1 ), id:230( 1 ), id:232( 13 ), id:245( 3 ), id:264( 3 ), id:266( 1 ), id:267( 1 ), id:268( 7 ), id:272( 3 ), id:273( 1 ), id:276( 7 ), id:279( 5 ), id:284( 7 ), id:293( 1 ), id:298( 5 ), id:306( 1 ), id:307( 1 ), id:308( 1 ), id:314( 20 ), id:319( 9 ), id:326( 7 ), id:327( 5 ), id:329( 2 ), id:338( 10 ), id:342( 4 ), id:343( 3 ), id:349( 1 ), id:350( 1 ), id:351( 2 ), id:354( 1 ), id:355( 1 ), id:360( 5 ), id:361( 2 ), id:363( 6 ), id:364( 1 ), id:367( 3 ), id:369( 2 ), id:372( 5 ), id:378( 2 ), id:383( 26 ), id:398( 10 ), id:399( 1 ), id:401( 2 ), id:403( 25 ), id:411( 4 ), id:412( 1 ), id:414( 1 ), id:424( 1 ), id:425( 3 )]
[INFO] SLinkClusterer - clusters together: 426 / 426
[INFO] PocketPredictor - PREDICTING POCKETS.... ====================================
[INFO] PocketPredictor - SAS POINTS: 22662
[INFO] PocketPredictor - LIGANDABLE POINTS: 426
[INFO] PocketPredictor - CLUSTERS: 78
[INFO] PocketPredictor - FILTERED CLUSTERS: 33
[INFO] PocketPredictor - pocket 1 -  surf_atoms:  57   points:  66   score:   26.3
[INFO] PocketPredictor - pocket 2 -  surf_atoms:  46   points:  32   score:   11.9
[INFO] PocketPredictor - pocket 3 -  surf_atoms:  54   points:  29   score:    9.9
[INFO] PocketPredictor - pocket 4 -  surf_atoms:  44   points:  26   score:    8.4
[INFO] PocketPredictor - pocket 5 -  surf_atoms:  36   points:  25   score:    7.9
[INFO] PocketPredictor - pocket 6 -  surf_atoms:  40   points:  20   score:    7.2
[INFO] PocketPredictor - pocket 7 -  surf_atoms:  49   points:  19   score:    7.1
[INFO] PocketPredictor - pocket 8 -  surf_atoms:  13   points:  10   score:    5.9
[INFO] PocketPredictor - pocket 9 -  surf_atoms:  30   points:  13   score:    5.7
[INFO] PocketPredictor - pocket10 -  surf_atoms:  17   points:  10   score:    4.5
[INFO] PocketPredictor - pocket11 -  surf_atoms:  32   points:  11   score:    3.8
[INFO] PocketPredictor - pocket12 -  surf_atoms:  17   points:   5   score:    3.6
[INFO] PocketPredictor - pocket13 -  surf_atoms:  32   points:   7   score:    3.5
[INFO] PocketPredictor - pocket14 -  surf_atoms:  15   points:   7   score:    3.2
[INFO] PocketPredictor - pocket15 -  surf_atoms:  25   points:   9   score:    3.1
[INFO] PocketPredictor - pocket16 -  surf_atoms:  22   points:   5   score:    2.7
[INFO] PocketPredictor - pocket17 -  surf_atoms:  15   points:   5   score:    2.7
[INFO] PocketPredictor - pocket18 -  surf_atoms:  13   points:   7   score:    2.7
[INFO] PocketPredictor - pocket19 -  surf_atoms:  21   points:   5   score:    2.3
[INFO] PocketPredictor - pocket20 -  surf_atoms:  12   points:   4   score:    2.1
[INFO] PocketPredictor - pocket21 -  surf_atoms:  23   points:   5   score:    2.0
[INFO] PocketPredictor - pocket22 -  surf_atoms:  29   points:   7   score:    2.0
[INFO] PocketPredictor - pocket23 -  surf_atoms:  15   points:   6   score:    2.0
[INFO] PocketPredictor - pocket24 -  surf_atoms:  17   points:   5   score:    2.0
[INFO] PocketPredictor - pocket25 -  surf_atoms:  22   points:   7   score:    1.8
[INFO] PocketPredictor - pocket26 -  surf_atoms:   8   points:   3   score:    1.7
[INFO] PocketPredictor - pocket27 -  surf_atoms:  15   points:   3   score:    1.3
[INFO] PocketPredictor - pocket28 -  surf_atoms:   9   points:   4   score:    1.3
[INFO] PocketPredictor - pocket29 -  surf_atoms:  14   points:   3   score:    1.3
[INFO] PocketPredictor - pocket30 -  surf_atoms:   8   points:   3   score:    1.2
[INFO] PocketPredictor - pocket31 -  surf_atoms:  10   points:   4   score:    1.2
[INFO] PocketPredictor - pocket32 -  surf_atoms:   9   points:   3   score:    1.1
[INFO] PocketPredictor - pocket33 -  surf_atoms:   9   points:   3   score:    1.0
[INFO] PredictionVisualizer - copying [/home/zhenli/git/valleyfevermutation/mutation_pipeline/dataset/proteins/pdb/PDH1_CANGA_relaxed.pdb] to [../dataset/proteins/prankweb/PDH1_CANGA/visualizations/data/PDH1_CANGA_relaxed.pdb]
[INFO] Console - predicting pockets finished in 0 hours 0 minutes 1.862 seconds
[INFO] Console - results saved to directory [/home/zhenli/git/valleyfevermutation/mutation_pipeline/dataset/proteins/prankweb/PDH1_CANGA]
[INFO] Console - 
[INFO] Console - Finished successfully in 0 hours 0 minutes 2.232 seconds.
