[INFO] Console - predicting pockets for proteins from dataset [MDR1_CRYNH_relaxed.pdb]
[INFO] PredictPocketsRoutine - outdir: ../dataset/proteins/prankweb/MDR1_CRYNH
[INFO] Model - Loading model from directory (v3 format): /home/zhenli/git/p2rank_2.5/models/default
[INFO] FeatureSetup - enabledFeatures: [chem, volsite, protrusion, bfactor, atom_table]
[INFO] Dataset - processing dataset [MDR1_CRYNH_relaxed.pdb] using 0 threads
[INFO] Dataset - 
------------------------------------------------------------------------------------------------------------------------
processing [MDR1_CRYNH_relaxed.pdb] (1/1)
------------------------------------------------------------------------------------------------------------------------

[INFO] Console - processing [MDR1_CRYNH_relaxed.pdb] (1/1)
[INFO] Protein - loading protein [/home/zhenli/git/valleyfevermutation/mutation_pipeline/dataset/proteins/pdb/MDR1_CRYNH_relaxed.pdb]
[INFO] PdbUtils - loading file [../dataset/proteins/pdb/MDR1_CRYNH_relaxed.pdb]
[INFO] Struct - all groups in chain A: 1408
[INFO] Struct - all groups in chain A: 1408
[INFO] Struct - 1408 groups in chain A
[INFO] Protein - structure atoms: 21578
[INFO] Protein - protein   atoms: 10524
[INFO] Protein - ignoring ligands
[INFO] FeatureSetup - enabledFeatures: [chem, volsite, protrusion, bfactor, atom_table]
[INFO] Protein - SAS points: 22040
[INFO] Protein - exposed protein atoms: 7101 of 10524
[INFO] SLinkClusterer - clustering [293] elements
[INFO] SLinkClusterer - clusters: [id:6( 1 ), id:26( 16 ), id:30( 1 ), id:35( 2 ), id:38( 1 ), id:39( 2 ), id:41( 1 ), id:49( 1 ), id:71( 17 ), id:88( 2 ), id:89( 5 ), id:90( 1 ), id:100( 1 ), id:117( 2 ), id:118( 1 ), id:128( 4 ), id:129( 1 ), id:130( 1 ), id:131( 1 ), id:136( 5 ), id:163( 1 ), id:164( 1 ), id:165( 1 ), id:174( 9 ), id:184( 26 ), id:189( 2 ), id:190( 14 ), id:203( 2 ), id:214( 7 ), id:216( 2 ), id:217( 3 ), id:228( 39 ), id:229( 1 ), id:235( 2 ), id:236( 6 ), id:242( 9 ), id:244( 11 ), id:254( 7 ), id:261( 43 ), id:264( 1 ), id:265( 4 ), id:267( 6 ), id:270( 1 ), id:272( 11 ), id:275( 1 ), id:284( 10 ), id:286( 1 ), id:289( 3 ), id:291( 2 ), id:292( 1 )]
[INFO] SLinkClusterer - clusters together: 293 / 293
[INFO] PocketPredictor - PREDICTING POCKETS.... ====================================
[INFO] PocketPredictor - SAS POINTS: 22040
[INFO] PocketPredictor - LIGANDABLE POINTS: 293
[INFO] PocketPredictor - CLUSTERS: 50
[INFO] PocketPredictor - FILTERED CLUSTERS: 21
[INFO] PocketPredictor - pocket 1 -  surf_atoms:  35   points:  43   score:   20.2
[INFO] PocketPredictor - pocket 2 -  surf_atoms:  47   points:  39   score:   12.4
[INFO] PocketPredictor - pocket 3 -  surf_atoms:  39   points:  26   score:   10.0
[INFO] PocketPredictor - pocket 4 -  surf_atoms:  20   points:  16   score:    6.6
[INFO] PocketPredictor - pocket 5 -  surf_atoms:  31   points:  17   score:    6.2
[INFO] PocketPredictor - pocket 6 -  surf_atoms:  36   points:  14   score:    5.1
[INFO] PocketPredictor - pocket 7 -  surf_atoms:  15   points:  11   score:    3.6
[INFO] PocketPredictor - pocket 8 -  surf_atoms:  19   points:  10   score:    3.1
[INFO] PocketPredictor - pocket 9 -  surf_atoms:  24   points:   9   score:    3.1
[INFO] PocketPredictor - pocket10 -  surf_atoms:  20   points:  11   score:    3.1
[INFO] PocketPredictor - pocket11 -  surf_atoms:  25   points:   9   score:    2.8
[INFO] PocketPredictor - pocket12 -  surf_atoms:  18   points:   5   score:    2.6
[INFO] PocketPredictor - pocket13 -  surf_atoms:  15   points:   7   score:    2.4
[INFO] PocketPredictor - pocket14 -  surf_atoms:  12   points:   4   score:    2.1
[INFO] PocketPredictor - pocket15 -  surf_atoms:  21   points:   6   score:    2.0
[INFO] PocketPredictor - pocket16 -  surf_atoms:  23   points:   6   score:    2.0
[INFO] PocketPredictor - pocket17 -  surf_atoms:  15   points:   5   score:    1.8
[INFO] PocketPredictor - pocket18 -  surf_atoms:  16   points:   7   score:    1.8
[INFO] PocketPredictor - pocket19 -  surf_atoms:  14   points:   4   score:    1.7
[INFO] PocketPredictor - pocket20 -  surf_atoms:  11   points:   3   score:    1.4
[INFO] PocketPredictor - pocket21 -  surf_atoms:   5   points:   3   score:    0.8
[INFO] PredictionVisualizer - copying [/home/zhenli/git/valleyfevermutation/mutation_pipeline/dataset/proteins/pdb/MDR1_CRYNH_relaxed.pdb] to [../dataset/proteins/prankweb/MDR1_CRYNH/visualizations/data/MDR1_CRYNH_relaxed.pdb]
[INFO] Console - predicting pockets finished in 0 hours 0 minutes 2.429 seconds
[INFO] Console - results saved to directory [/home/zhenli/git/valleyfevermutation/mutation_pipeline/dataset/proteins/prankweb/MDR1_CRYNH]
[INFO] Console - 
[INFO] Console - Finished successfully in 0 hours 0 minutes 2.844 seconds.
