[INFO] Console - predicting pockets for proteins from dataset [CDR2_CANAL_relaxed.pdb]
[INFO] PredictPocketsRoutine - outdir: ../dataset/proteins/prankweb/CDR2_CANAL
[INFO] Model - Loading model from directory (v3 format): /home/zhenli/git/p2rank_2.5/models/default
[INFO] FeatureSetup - enabledFeatures: [chem, volsite, protrusion, bfactor, atom_table]
[INFO] Dataset - processing dataset [CDR2_CANAL_relaxed.pdb] using 0 threads
[INFO] Dataset - 
------------------------------------------------------------------------------------------------------------------------
processing [CDR2_CANAL_relaxed.pdb] (1/1)
------------------------------------------------------------------------------------------------------------------------

[INFO] Console - processing [CDR2_CANAL_relaxed.pdb] (1/1)
[INFO] Protein - loading protein [/home/zhenli/git/valleyfevermutation/mutation_pipeline/dataset/proteins/pdb/CDR2_CANAL_relaxed.pdb]
[INFO] PdbUtils - loading file [../dataset/proteins/pdb/CDR2_CANAL_relaxed.pdb]
[INFO] Struct - all groups in chain A: 1499
[INFO] Struct - all groups in chain A: 1499
[INFO] Struct - 1499 groups in chain A
[INFO] Protein - structure atoms: 23650
[INFO] Protein - protein   atoms: 11684
[INFO] Protein - ignoring ligands
[INFO] FeatureSetup - enabledFeatures: [chem, volsite, protrusion, bfactor, atom_table]
[INFO] Protein - SAS points: 21235
[INFO] Protein - exposed protein atoms: 7399 of 11684
[INFO] SLinkClusterer - clustering [475] elements
[INFO] SLinkClusterer - clusters: [id:2( 1 ), id:3( 1 ), id:4( 1 ), id:12( 1 ), id:15( 4 ), id:39( 1 ), id:40( 1 ), id:80( 1 ), id:82( 2 ), id:83( 1 ), id:86( 1 ), id:105( 84 ), id:118( 3 ), id:126( 4 ), id:136( 9 ), id:142( 6 ), id:161( 1 ), id:162( 1 ), id:168( 1 ), id:174( 1 ), id:176( 1 ), id:177( 1 ), id:181( 40 ), id:193( 1 ), id:202( 27 ), id:230( 1 ), id:236( 2 ), id:237( 4 ), id:242( 9 ), id:262( 2 ), id:263( 1 ), id:264( 1 ), id:265( 1 ), id:266( 1 ), id:267( 1 ), id:280( 1 ), id:282( 1 ), id:292( 6 ), id:308( 1 ), id:309( 1 ), id:316( 25 ), id:317( 1 ), id:318( 43 ), id:331( 26 ), id:348( 4 ), id:363( 3 ), id:365( 1 ), id:367( 5 ), id:369( 4 ), id:370( 9 ), id:371( 1 ), id:379( 1 ), id:381( 4 ), id:384( 4 ), id:386( 4 ), id:387( 2 ), id:389( 2 ), id:397( 1 ), id:398( 1 ), id:404( 2 ), id:411( 4 ), id:413( 4 ), id:414( 3 ), id:422( 2 ), id:427( 6 ), id:428( 1 ), id:429( 1 ), id:430( 1 ), id:437( 1 ), id:444( 47 ), id:459( 2 ), id:460( 1 ), id:465( 1 ), id:467( 2 ), id:469( 3 ), id:471( 15 ), id:472( 1 ), id:474( 9 )]
[INFO] SLinkClusterer - clusters together: 475 / 475
[INFO] PocketPredictor - PREDICTING POCKETS.... ====================================
[INFO] PocketPredictor - SAS POINTS: 21235
[INFO] PocketPredictor - LIGANDABLE POINTS: 475
[INFO] PocketPredictor - CLUSTERS: 78
[INFO] PocketPredictor - FILTERED CLUSTERS: 30
[INFO] PocketPredictor - pocket 1 -  surf_atoms:  79   points:  84   score:   35.6
[INFO] PocketPredictor - pocket 2 -  surf_atoms:  51   points:  47   score:   21.3
[INFO] PocketPredictor - pocket 3 -  surf_atoms:  70   points:  43   score:   14.9
[INFO] PocketPredictor - pocket 4 -  surf_atoms:  67   points:  40   score:   13.5
[INFO] PocketPredictor - pocket 5 -  surf_atoms:  38   points:  25   score:   10.4
[INFO] PocketPredictor - pocket 6 -  surf_atoms:  44   points:  27   score:    9.0
[INFO] PocketPredictor - pocket 7 -  surf_atoms:  45   points:  26   score:    8.9
[INFO] PocketPredictor - pocket 8 -  surf_atoms:  16   points:  15   score:    6.2
[INFO] PocketPredictor - pocket 9 -  surf_atoms:  26   points:   9   score:    3.7
[INFO] PocketPredictor - pocket10 -  surf_atoms:  26   points:   9   score:    3.2
[INFO] PocketPredictor - pocket11 -  surf_atoms:  41   points:   9   score:    3.1
[INFO] PocketPredictor - pocket12 -  surf_atoms:  27   points:   9   score:    3.0
[INFO] PocketPredictor - pocket13 -  surf_atoms:  13   points:   6   score:    2.6
[INFO] PocketPredictor - pocket14 -  surf_atoms:  15   points:   6   score:    2.5
[INFO] PocketPredictor - pocket15 -  surf_atoms:  15   points:   6   score:    2.4
[INFO] PocketPredictor - pocket16 -  surf_atoms:  26   points:   4   score:    2.3
[INFO] PocketPredictor - pocket17 -  surf_atoms:  28   points:   4   score:    2.1
[INFO] PocketPredictor - pocket18 -  surf_atoms:  25   points:   3   score:    2.0
[INFO] PocketPredictor - pocket19 -  surf_atoms:  22   points:   4   score:    2.0
[INFO] PocketPredictor - pocket20 -  surf_atoms:  20   points:   3   score:    1.9
[INFO] PocketPredictor - pocket21 -  surf_atoms:   8   points:   5   score:    1.9
[INFO] PocketPredictor - pocket22 -  surf_atoms:  24   points:   4   score:    1.7
[INFO] PocketPredictor - pocket23 -  surf_atoms:  11   points:   3   score:    1.7
[INFO] PocketPredictor - pocket24 -  surf_atoms:  15   points:   4   score:    1.5
[INFO] PocketPredictor - pocket25 -  surf_atoms:  19   points:   4   score:    1.4
[INFO] PocketPredictor - pocket26 -  surf_atoms:  12   points:   4   score:    1.3
[INFO] PocketPredictor - pocket27 -  surf_atoms:  15   points:   4   score:    1.2
[INFO] PocketPredictor - pocket28 -  surf_atoms:  14   points:   3   score:    1.2
[INFO] PocketPredictor - pocket29 -  surf_atoms:  17   points:   4   score:    1.1
[INFO] PocketPredictor - pocket30 -  surf_atoms:  11   points:   4   score:    0.8
[INFO] PredictionVisualizer - copying [/home/zhenli/git/valleyfevermutation/mutation_pipeline/dataset/proteins/pdb/CDR2_CANAL_relaxed.pdb] to [../dataset/proteins/prankweb/CDR2_CANAL/visualizations/data/CDR2_CANAL_relaxed.pdb]
[INFO] Console - predicting pockets finished in 0 hours 0 minutes 1.645 seconds
[INFO] Console - results saved to directory [/home/zhenli/git/valleyfevermutation/mutation_pipeline/dataset/proteins/prankweb/CDR2_CANAL]
[INFO] Console - 
[INFO] Console - Finished successfully in 0 hours 0 minutes 2.012 seconds.
