[INFO] Console - predicting pockets for proteins from dataset [CDR1_CANAR_auris_relaxed.pdb]
[INFO] PredictPocketsRoutine - outdir: ../dataset/proteins/prankweb/CDR1_CANAR_auris
[INFO] Model - Loading model from directory (v3 format): /home/zhenli/git/p2rank_2.5/models/default
[INFO] FeatureSetup - enabledFeatures: [chem, volsite, protrusion, bfactor, atom_table]
[INFO] Dataset - processing dataset [CDR1_CANAR_auris_relaxed.pdb] using 0 threads
[INFO] Dataset - 
------------------------------------------------------------------------------------------------------------------------
processing [CDR1_CANAR_auris_relaxed.pdb] (1/1)
------------------------------------------------------------------------------------------------------------------------

[INFO] Console - processing [CDR1_CANAR_auris_relaxed.pdb] (1/1)
[INFO] Protein - loading protein [/home/zhenli/git/valleyfevermutation/mutation_pipeline/dataset/proteins/pdb/CDR1_CANAR_auris_relaxed.pdb]
[INFO] PdbUtils - loading file [../dataset/proteins/pdb/CDR1_CANAR_auris_relaxed.pdb]
[INFO] Struct - all groups in chain A: 1508
[INFO] Struct - all groups in chain A: 1508
[INFO] Struct - 1508 groups in chain A
[INFO] Protein - structure atoms: 23638
[INFO] Protein - protein   atoms: 11746
[INFO] Protein - ignoring ligands
[INFO] FeatureSetup - enabledFeatures: [chem, volsite, protrusion, bfactor, atom_table]
[INFO] Protein - SAS points: 21815
[INFO] Protein - exposed protein atoms: 7476 of 11746
[INFO] SLinkClusterer - clustering [433] elements
[INFO] SLinkClusterer - clusters: [id:3( 2 ), id:28( 1 ), id:31( 1 ), id:32( 1 ), id:36( 15 ), id:39( 7 ), id:64( 1 ), id:68( 1 ), id:74( 1 ), id:77( 1 ), id:80( 1 ), id:87( 2 ), id:88( 1 ), id:89( 3 ), id:98( 89 ), id:115( 2 ), id:136( 2 ), id:161( 21 ), id:165( 2 ), id:174( 2 ), id:175( 1 ), id:197( 2 ), id:201( 1 ), id:204( 1 ), id:216( 1 ), id:228( 24 ), id:234( 7 ), id:240( 9 ), id:241( 2 ), id:252( 30 ), id:256( 1 ), id:257( 1 ), id:259( 4 ), id:261( 3 ), id:265( 3 ), id:270( 1 ), id:271( 1 ), id:283( 3 ), id:287( 10 ), id:288( 2 ), id:298( 6 ), id:310( 3 ), id:317( 19 ), id:319( 1 ), id:321( 1 ), id:322( 2 ), id:323( 3 ), id:328( 1 ), id:329( 6 ), id:331( 1 ), id:332( 4 ), id:334( 1 ), id:335( 1 ), id:336( 1 ), id:337( 1 ), id:338( 1 ), id:341( 2 ), id:343( 1 ), id:344( 3 ), id:357( 23 ), id:360( 12 ), id:364( 2 ), id:366( 8 ), id:368( 1 ), id:369( 1 ), id:372( 7 ), id:384( 2 ), id:385( 1 ), id:388( 6 ), id:410( 2 ), id:411( 1 ), id:413( 2 ), id:416( 19 ), id:420( 1 ), id:422( 2 ), id:424( 9 ), id:429( 2 ), id:430( 1 ), id:431( 1 ), id:432( 9 )]
[INFO] SLinkClusterer - clusters together: 433 / 433
[INFO] PocketPredictor - PREDICTING POCKETS.... ====================================
[INFO] PocketPredictor - SAS POINTS: 21815
[INFO] PocketPredictor - LIGANDABLE POINTS: 433
[INFO] PocketPredictor - CLUSTERS: 80
[INFO] PocketPredictor - FILTERED CLUSTERS: 29
[INFO] PocketPredictor - pocket 1 -  surf_atoms:  77   points:  89   score:   36.1
[INFO] PocketPredictor - pocket 2 -  surf_atoms:  54   points:  30   score:   10.7
[INFO] PocketPredictor - pocket 3 -  surf_atoms:  44   points:  24   score:    9.2
[INFO] PocketPredictor - pocket 4 -  surf_atoms:  33   points:  21   score:    8.9
[INFO] PocketPredictor - pocket 5 -  surf_atoms:  28   points:  23   score:    8.1
[INFO] PocketPredictor - pocket 6 -  surf_atoms:  30   points:  19   score:    6.6
[INFO] PocketPredictor - pocket 7 -  surf_atoms:  43   points:  19   score:    6.4
[INFO] PocketPredictor - pocket 8 -  surf_atoms:  31   points:  15   score:    6.1
[INFO] PocketPredictor - pocket 9 -  surf_atoms:  22   points:  10   score:    4.6
[INFO] PocketPredictor - pocket10 -  surf_atoms:  25   points:  12   score:    3.6
[INFO] PocketPredictor - pocket11 -  surf_atoms:  38   points:   9   score:    3.2
[INFO] PocketPredictor - pocket12 -  surf_atoms:  23   points:   9   score:    3.0
[INFO] PocketPredictor - pocket13 -  surf_atoms:  19   points:   6   score:    2.8
[INFO] PocketPredictor - pocket14 -  surf_atoms:  17   points:   9   score:    2.8
[INFO] PocketPredictor - pocket15 -  surf_atoms:  25   points:   6   score:    2.5
[INFO] PocketPredictor - pocket16 -  surf_atoms:  13   points:   8   score:    2.5
[INFO] PocketPredictor - pocket17 -  surf_atoms:  25   points:   7   score:    2.4
[INFO] PocketPredictor - pocket18 -  surf_atoms:  23   points:   7   score:    2.3
[INFO] PocketPredictor - pocket19 -  surf_atoms:  23   points:   7   score:    2.2
[INFO] PocketPredictor - pocket20 -  surf_atoms:  21   points:   4   score:    2.1
[INFO] PocketPredictor - pocket21 -  surf_atoms:  21   points:   6   score:    2.0
[INFO] PocketPredictor - pocket22 -  surf_atoms:  18   points:   4   score:    1.7
[INFO] PocketPredictor - pocket23 -  surf_atoms:  11   points:   3   score:    1.6
[INFO] PocketPredictor - pocket24 -  surf_atoms:  11   points:   3   score:    1.6
[INFO] PocketPredictor - pocket25 -  surf_atoms:  24   points:   3   score:    1.5
[INFO] PocketPredictor - pocket26 -  surf_atoms:  19   points:   3   score:    1.4
[INFO] PocketPredictor - pocket27 -  surf_atoms:  10   points:   3   score:    1.2
[INFO] PocketPredictor - pocket28 -  surf_atoms:   6   points:   3   score:    0.9
[INFO] PocketPredictor - pocket29 -  surf_atoms:   7   points:   3   score:    0.8
[INFO] PredictionVisualizer - copying [/home/zhenli/git/valleyfevermutation/mutation_pipeline/dataset/proteins/pdb/CDR1_CANAR_auris_relaxed.pdb] to [../dataset/proteins/prankweb/CDR1_CANAR_auris/visualizations/data/CDR1_CANAR_auris_relaxed.pdb]
[INFO] Console - predicting pockets finished in 0 hours 0 minutes 1.702 seconds
[INFO] Console - results saved to directory [/home/zhenli/git/valleyfevermutation/mutation_pipeline/dataset/proteins/prankweb/CDR1_CANAR_auris]
[INFO] Console - 
[INFO] Console - Finished successfully in 0 hours 0 minutes 2.079 seconds.
